Logging to '/home/mshu/Stacks/cstacks/tsv2bam.log'.
Configuration for this run:
  Stacks directory: '/home/mshu/Stacks/cstacks/'
  Population map: '/home/mshu/Stacks/popmap/popmap_96.txt'
  Num. samples: 96
  Multithreaded.

Loading the catalog...
Processing sample '3034C11'...
Processing sample '18830C6'...
Processing sample '3027A4'...
Processing sample '18814A7'...
Processing sample '18051D11'...
Processing sample '3022B4'...
Processing sample '3015A3'...
Processing sample '3037A11'...
Processing sample '18231C2'...
Processing sample '3010C9'...
Processing sample '3019D7'...
Processing sample '3039A4'...
Processing sample '18207B4'...
Processing sample '3020D8'...
Processing sample '3006B2'...
Processing sample '3040A6'...
Processing sample '3041B5'...
Processing sample '3046A9'...
Processing sample '3048A8'...
Processing sample '3057A12'...
Processing sample '3061B1'...
Processing sample '3063B2'...
Processing sample '3066D9'...
Processing sample '3068C10'...
Processing sample '3071D10'...
Processing sample '3073B3'...
Processing sample '3075A8'...
Processing sample '3088B10'...
Processing sample '3091A1'...
Processing sample '3121B12'...
Processing sample '3129C7'...
Processing sample '3137B1'...
Processing sample '3138B6'...
Processing sample '3152C11'...
Processing sample '3156D3'...
Processing sample '3165C12'...
Processing sample '3166B9'...
Processing sample '3174D6'...
Processing sample '3178B6'...
Processing sample '3181C7'...
Processing sample '3185B5'...
Processing sample '3186A6'...
Processing sample '3187C8'...
Processing sample '3211B7'...
Processing sample '3216A1'...
Processing sample '3221C9'...
Processing sample '3229C8'...
Processing sample '3242A2'...
Processing sample '3247C5'...
Processing sample '3255A5'...
Processing sample '3260D1'...
Processing sample '3267C10'...
Processing sample '3272A7'...
Processing sample '3275D5'...
Processing sample '3277B9'...
Processing sample '3282C6'...
Processing sample '3286D1'...
Processing sample '3289A9'...
Processing sample '3291A3'...
Processing sample '3293D4'...
Processing sample '3302B11'...
Processing sample '3303A5'...
Processing sample '3306D2'...
Processing sample '3310C2'...
Processing sample '3318D5'...
Processing sample '3325B11'...
Processing sample '3331C1'...
Processing sample '3335B10'...
Processing sample '3339B8'...
Processing sample '3352C4'...
Processing sample '3355D3'...
Processing sample '3356B7'...
Processing sample '3364D2'...
Processing sample '3365D7'...
Processing sample '3368D6'...
Processing sample '3369C5'...
Processing sample '3371A12'...
Processing sample '3373B3'...
Processing sample '3399D4'...
Processing sample '3407A10'...
Processing sample '3409D8'...
Processing sample '3411D11'...
Processing sample '3413C3'...
Processing sample '3424D9'...
Processing sample '3467C4'...
Processing sample '3468C12'...
Processing sample '3474C3'...
Processing sample '3508C1'...
Processing sample '3512B12'...
Processing sample '3524A10'...
Processing sample '4203A11'...
Processing sample '4208A2'...
Processing sample '4224B8'...
Processing sample '4233D10'...
Processing sample 'water2D12'...
Processing sample 'waterD12'...

Sample '18051D11': matched 431788 sample loci to 415783 catalog loci; wrote 3720481 records.
Sample '18207B4': matched 405281 sample loci to 390886 catalog loci; wrote 3517788 records.
Sample '18231C2': matched 433759 sample loci to 421244 catalog loci; wrote 3959486 records.
Sample '18814A7': matched 487011 sample loci to 476365 catalog loci; wrote 4180235 records.
Sample '18830C6': matched 544940 sample loci to 525001 catalog loci; wrote 5073220 records.
Sample '3006B2': matched 429024 sample loci to 413685 catalog loci; wrote 5259885 records.
Sample '3010C9': matched 397123 sample loci to 382720 catalog loci; wrote 3331983 records.
Sample '3015A3': matched 431033 sample loci to 417546 catalog loci; wrote 4545932 records.
Sample '3019D7': matched 504862 sample loci to 491005 catalog loci; wrote 4906551 records.
Sample '3020D8': matched 407208 sample loci to 393415 catalog loci; wrote 4026452 records.
Sample '3022B4': matched 387482 sample loci to 374407 catalog loci; wrote 4111402 records.
Sample '3027A4': matched 639043 sample loci to 627850 catalog loci; wrote 44704960 records.
Sample '3034C11': matched 398744 sample loci to 384674 catalog loci; wrote 4252690 records.
Sample '3037A11': matched 496141 sample loci to 477861 catalog loci; wrote 4529862 records.
Sample '3039A4': matched 912628 sample loci to 898348 catalog loci; wrote 15828818 records.
Sample '3040A6': matched 483828 sample loci to 466070 catalog loci; wrote 4303278 records.
Sample '3041B5': matched 526593 sample loci to 510078 catalog loci; wrote 4220337 records.
Sample '3046A9': matched 470482 sample loci to 453029 catalog loci; wrote 4241772 records.
Sample '3048A8': matched 330287 sample loci to 318630 catalog loci; wrote 2633009 records.
Sample '3057A12': matched 402321 sample loci to 389024 catalog loci; wrote 4217091 records.
Sample '3061B1': matched 438975 sample loci to 422745 catalog loci; wrote 4026991 records.
Sample '3063B2': matched 461765 sample loci to 446389 catalog loci; wrote 3956254 records.
Sample '3066D9': matched 399133 sample loci to 384843 catalog loci; wrote 4251245 records.
Sample '3068C10': matched 436769 sample loci to 420676 catalog loci; wrote 3701928 records.
Sample '3071D10': matched 619623 sample loci to 596890 catalog loci; wrote 8116627 records.
Sample '3073B3': matched 366920 sample loci to 353195 catalog loci; wrote 3736666 records.
Sample '3075A8': matched 578112 sample loci to 561662 catalog loci; wrote 5542962 records.
Sample '3088B10': matched 484150 sample loci to 464810 catalog loci; wrote 4672267 records.
Sample '3091A1': matched 409279 sample loci to 395369 catalog loci; wrote 4559878 records.
Sample '3121B12': matched 440766 sample loci to 424354 catalog loci; wrote 3899149 records.
Sample '3129C7': matched 493562 sample loci to 475482 catalog loci; wrote 4340740 records.
Sample '3137B1': matched 397083 sample loci to 382492 catalog loci; wrote 4417554 records.
Sample '3138B6': matched 431501 sample loci to 415622 catalog loci; wrote 3610930 records.
Sample '3152C11': matched 387828 sample loci to 373500 catalog loci; wrote 3377619 records.
Sample '3156D3': matched 332310 sample loci to 320752 catalog loci; wrote 3468358 records.
Sample '3165C12': matched 470655 sample loci to 452256 catalog loci; wrote 4364997 records.
Sample '3166B9': matched 546373 sample loci to 525529 catalog loci; wrote 5654603 records.
Sample '3174D6': matched 453346 sample loci to 438832 catalog loci; wrote 4629499 records.
Sample '3178B6': matched 370816 sample loci to 357579 catalog loci; wrote 4138627 records.
Sample '3181C7': matched 427693 sample loci to 412690 catalog loci; wrote 4535273 records.
Sample '3185B5': matched 378452 sample loci to 365243 catalog loci; wrote 4010748 records.
Sample '3186A6': matched 530637 sample loci to 510210 catalog loci; wrote 7036490 records.
Sample '3187C8': matched 754885 sample loci to 738781 catalog loci; wrote 5792223 records.
Sample '3211B7': matched 502664 sample loci to 484001 catalog loci; wrote 4070649 records.
Sample '3216A1': matched 510670 sample loci to 495685 catalog loci; wrote 3827693 records.
Sample '3221C9': matched 344011 sample loci to 331792 catalog loci; wrote 3094795 records.
Sample '3229C8': matched 583693 sample loci to 560016 catalog loci; wrote 8260626 records.
Sample '3242A2': matched 762677 sample loci to 750225 catalog loci; wrote 7362025 records.
Sample '3247C5': matched 417762 sample loci to 402329 catalog loci; wrote 4714443 records.
Sample '3255A5': matched 389646 sample loci to 376203 catalog loci; wrote 4013050 records.
Sample '3260D1': matched 257136 sample loci to 249009 catalog loci; wrote 1761673 records.
Sample '3267C10': matched 393720 sample loci to 379287 catalog loci; wrote 4130705 records.
Sample '3272A7': matched 596645 sample loci to 582658 catalog loci; wrote 5687321 records.
Sample '3275D5': matched 366310 sample loci to 353153 catalog loci; wrote 3632319 records.
Sample '3277B9': matched 298957 sample loci to 288190 catalog loci; wrote 2946871 records.
Sample '3282C6': matched 444135 sample loci to 427397 catalog loci; wrote 5267600 records.
Sample '3286D1': matched 430684 sample loci to 420338 catalog loci; wrote 3543148 records.
Sample '3289A9': matched 371578 sample loci to 357722 catalog loci; wrote 4299292 records.
Sample '3291A3': matched 627030 sample loci to 611346 catalog loci; wrote 5077618 records.
Sample '3293D4': matched 323468 sample loci to 313952 catalog loci; wrote 2897172 records.
Sample '3302B11': matched 677483 sample loci to 662624 catalog loci; wrote 9103495 records.
Sample '3303A5': matched 333643 sample loci to 321762 catalog loci; wrote 2743078 records.
Sample '3306D2': matched 387717 sample loci to 372734 catalog loci; wrote 4287548 records.
Sample '3310C2': matched 484178 sample loci to 464821 catalog loci; wrote 4736368 records.
Sample '3318D5': matched 438195 sample loci to 420969 catalog loci; wrote 3980207 records.
Sample '3325B11': matched 405718 sample loci to 390424 catalog loci; wrote 3288865 records.
Sample '3331C1': matched 440794 sample loci to 423766 catalog loci; wrote 3864675 records.
Sample '3335B10': matched 393469 sample loci to 378688 catalog loci; wrote 4329905 records.
Sample '3339B8': matched 421172 sample loci to 405437 catalog loci; wrote 4352088 records.
Sample '3352C4': matched 355416 sample loci to 342906 catalog loci; wrote 2781547 records.
Sample '3355D3': matched 416026 sample loci to 400011 catalog loci; wrote 3696807 records.
Sample '3356B7': matched 318272 sample loci to 308698 catalog loci; wrote 2787878 records.
Sample '3364D2': matched 457832 sample loci to 440085 catalog loci; wrote 3873563 records.
Sample '3365D7': matched 406912 sample loci to 391362 catalog loci; wrote 3440061 records.
Sample '3368D6': matched 492965 sample loci to 473038 catalog loci; wrote 4356100 records.
Sample '3369C5': matched 658546 sample loci to 640341 catalog loci; wrote 4954102 records.
Sample '3371A12': matched 502227 sample loci to 482270 catalog loci; wrote 4938633 records.
Sample '3373B3': matched 422792 sample loci to 405923 catalog loci; wrote 3780527 records.
Sample '3399D4': matched 509210 sample loci to 487945 catalog loci; wrote 4892119 records.
Sample '3407A10': matched 459646 sample loci to 441200 catalog loci; wrote 4095537 records.
Sample '3409D8': matched 304996 sample loci to 296106 catalog loci; wrote 2038633 records.
Sample '3411D11': matched 413635 sample loci to 398829 catalog loci; wrote 4536154 records.
Sample '3413C3': matched 404635 sample loci to 388999 catalog loci; wrote 3366771 records.
Sample '3424D9': matched 402360 sample loci to 386074 catalog loci; wrote 3500712 records.
Sample '3467C4': matched 356888 sample loci to 343495 catalog loci; wrote 3702111 records.
Sample '3468C12': matched 454330 sample loci to 438577 catalog loci; wrote 4824367 records.
Sample '3474C3': matched 356011 sample loci to 342291 catalog loci; wrote 3767361 records.
Sample '3508C1': matched 377651 sample loci to 362947 catalog loci; wrote 4134442 records.
Sample '3512B12': matched 372108 sample loci to 357090 catalog loci; wrote 3995034 records.
Sample '3524A10': matched 328059 sample loci to 316331 catalog loci; wrote 3029331 records.
Sample '4203A11': matched 514121 sample loci to 499228 catalog loci; wrote 4766587 records.
Sample '4208A2': matched 630594 sample loci to 613845 catalog loci; wrote 5196310 records.
Sample '4224B8': matched 580198 sample loci to 554222 catalog loci; wrote 6301050 records.
Sample '4233D10': matched 325992 sample loci to 313433 catalog loci; wrote 2453968 records.
Sample 'water2D12': matched 166 sample loci to 166 catalog loci; wrote 752 records.
Sample 'waterD12': matched 3029 sample loci to 3027 catalog loci; wrote 14522 records.

tsv2bam is done.
