Logging to '/qsb/mshu/Stacks/SNP_denovo/populations.log'.
Locus/sample distributions will be written to '/qsb/mshu/Stacks/SNP_denovo/populations.log.distribs'.
populations parameters selected:
  Percent samples limit per population: 0
  Locus Population limit: 1
  Log liklihood filtering: off; threshold: 0
  Minor allele frequency cutoff: 0
  Maximum observed heterozygosity cutoff: 1
  Applying Fst correction: none.
  Pi/Fis kernel smoothing: on
  Fstats kernel smoothing: on
  Bootstrap resampling: off

Parsing population map...
The population map contained 96 samples, 1 population(s), 1 group(s).
Working on 96 samples.
Working on 1 population(s):
    1: 18051D11, 18207B4, 18231C2, 18814A7, 18830C6, 3006B2, 3010C9, 3015A3, 3019D7, 3020D8, 3022B4, 3027A4, 3034C11, 3037A11, 3039A4, 
       3040A6, 3041B5, 3046A9, 3048A8, 3057A12, 3061B1, 3063B2, 3066D9, 3068C10, 3071D10, 3073B3, 3075A8, 3088B10, 3091A1, 3121B12, 
       3129C7, 3137B1, 3138B6, 3152C11, 3156D3, 3165C12, 3166B9, 3174D6, 3178B6, 3181C7, 3185B5, 3186A6, 3187C8, 3211B7, 3216A1, 
       3221C9, 3229C8, 3242A2, 3247C5, 3255A5, 3260D1, 3267C10, 3272A7, 3275D5, 3277B9, 3282C6, 3286D1, 3289A9, 3291A3, 3293D4, 
       3302B11, 3303A5, 3306D2, 3310C2, 3318D5, 3325B11, 3331C1, 3335B10, 3339B8, 3352C4, 3355D3, 3356B7, 3364D2, 3365D7, 3368D6, 
       3369C5, 3371A12, 3373B3, 3399D4, 3407A10, 3409D8, 3411D11, 3413C3, 3424D9, 3467C4, 3468C12, 3474C3, 3508C1, 3512B12, 3524A10, 
       4203A11, 4208A2, 4224B8, 4233D10, water2D12, waterD12
Working on 1 group(s) of populations:
    defaultgrp: 1

SNPs and calls will be written in VCF format to '/qsb/mshu/Stacks/SNP_denovo/populations.snps.vcf'
Haplotypes will be written in VCF format to '/qsb/mshu/Stacks/SNP_denovo/populations.haps.vcf'
Polymorphic sites in GenePop format will be written to '/qsb/mshu/Stacks/SNP_denovo/populations.snps.genepop'
Warning: Genepop: The order in which samples appear was modified (as the input population map is not sorted).Polymorphic loci in GenePop format will be written to '/qsb/mshu/Stacks/SNP_denovo/populations.haps.genepop'
Polymorphic sites in Structure format will be written to '/qsb/mshu/Stacks/SNP_denovo/populations.structure'
Genotyping markers will be written to '/qsb/mshu/Stacks/SNP_denovo/populations.markers.tsv'
Raw Genotypes/Haplotypes will be written to '/qsb/mshu/Stacks/SNP_denovo/populations.haplotypes.tsv'
Population-level summary statistics will be written to '/qsb/mshu/Stacks/SNP_denovo/populations.sumstats.tsv'
Population-level haplotype summary statistics will be written to '/qsb/mshu/Stacks/SNP_denovo/populations.hapstats.tsv'

Processing data in batches:
  * load a batch of catalog loci and apply filters
  * compute SNP- and haplotype-wise per-population statistics
  * compute SNP- and haplotype-wise deviation from HWE
  * compute F-statistics
  * smooth per-population statistics
  * smooth F-statistics
  * write the above statistics in the output files
  * export the genotypes/haplotypes in specified format(s)
More details in '/qsb/mshu/Stacks/SNP_denovo/populations.log.distribs'.
Now processing...
Batch 1 
Batch 2 
Batch 3 
Batch 4 
Batch 5 
Batch 6 
Batch 7 
Batch 8 
Batch 9 
Batch 10 
Batch 11 
Batch 12 
Batch 13 
Batch 14 
Batch 15 
Batch 16 
Batch 17 
Batch 18 
Batch 19 
Batch 20 
Batch 21 
Batch 22 
Batch 23 
Batch 24 
Batch 25 
Batch 26 
Batch 27 
Batch 28 
Batch 29 
Batch 30 
Batch 31 
Batch 32 
Batch 33 
Batch 34 
Batch 35 
Batch 36 
Batch 37 
Batch 38 
Batch 39 
Batch 40 
Batch 41 
Batch 42 
Batch 43 
Batch 44 
Batch 45 
Batch 46 
Batch 47 
Batch 48 
Batch 49 
Batch 50 
Batch 51 
Batch 52 
Batch 53 
Batch 54 
Batch 55 
Batch 56 
Batch 57 
Batch 58 
Batch 59 
Batch 60 
Batch 61 
Batch 62 
Batch 63 
Batch 64 
Batch 65 
Batch 66 
Batch 67 
Batch 68 
Batch 69 
Batch 70 
Batch 71 
Batch 72 
Batch 73 
Batch 74 
Batch 75 
Batch 76 
Batch 77 
Batch 78 
Batch 79 
Batch 80 
Batch 81 
Batch 82 
Batch 83 
Batch 84 
Batch 85 
Batch 86 
Batch 87 
Batch 88 
Batch 89 
Batch 90 
Batch 91 
Batch 92 
Batch 93 
Batch 94 
Batch 95 
Batch 96 
Batch 97 
Batch 98 
Batch 99 
Batch 100 
Batch 101 
Batch 102 
Batch 103 
Batch 104 
Batch 105 
Batch 106 
Batch 107 
Batch 108 
Batch 109 
Batch 110 
Batch 111 
Batch 112 
Batch 113 
Batch 114 
Batch 115 
Batch 116 
Batch 117 
Batch 118 
Batch 119 
Batch 120 
Batch 121 
Batch 122 
Batch 123 
Batch 124 
Batch 125 
Batch 126 
Batch 127 
Batch 128 
Batch 129 
Batch 130 
Batch 131 
Batch 132 
Batch 133 
Batch 134 
Batch 135 
Batch 136 
Batch 137 
Batch 138 
Batch 139 
Batch 140 
Batch 141 
Batch 142 
Batch 143 
Batch 144 
Batch 145 
Batch 146 
Batch 147 
Batch 148 
Batch 149 
Batch 150 
Batch 151 
Batch 152 
Batch 153 
Batch 154 
Batch 155 
Batch 156 
Batch 157 
Batch 158 
Batch 159 
Batch 160 
Batch 161 
Batch 162 
Batch 163 
Batch 164 
Batch 165 
Batch 166 
Batch 167 
Batch 168 
Batch 169 
Batch 170 
Batch 171 
Batch 172 
Batch 173 
Batch 174 
Batch 175 
Batch 176 
Batch 177 
Batch 178 
Batch 179 
Batch 180 
Batch 181 
Batch 182 
Batch 183 
Batch 184 
Batch 185 
Batch 186 
Batch 187 
Batch 188 
Batch 189 
Batch 190 
Batch 191 
Batch 192 
Batch 193 
Batch 194 
Batch 195 
Batch 196 
Batch 197 
Batch 198 
Batch 199 
Batch 200 
Batch 201 
Batch 202 
Batch 203 
Batch 204 
Batch 205 
Batch 206 
Batch 207 
Batch 208 
Batch 209 
Batch 210 
Batch 211 
Batch 212 
Batch 213 
Batch 214 
Batch 215 
Batch 216 
Batch 217 
Batch 218 
Batch 219 
Batch 220 
Batch 221 
Batch 222 
Batch 223 
Batch 224 
Batch 225 
Batch 226 
Batch 227 
Batch 228 
Batch 229 
Batch 230 
Batch 231 
Batch 232 
Batch 233 
Batch 234 
Batch 235 
Batch 236 
Batch 237 
Batch 238 
Batch 239 
Batch 240 
Batch 241 
Batch 242 
Batch 243 
Batch 244 
Batch 245 
Batch 246 
Batch 247 
Batch 248 
Batch 249 
Batch 250 
Batch 251 
Batch 252 
Batch 253 
Batch 254 
Batch 255 
Batch 256 
Batch 257 
Batch 258 
Batch 259 
Batch 260 
Batch 261 
Batch 262 
Batch 263 
Batch 264 
Batch 265 
Batch 266 
Batch 267 
Batch 268 
Batch 269 
Batch 270 
Batch 271 
Batch 272 
Batch 273 
Batch 274 
Batch 275 
Batch 276 
Batch 277 
Batch 278 
Batch 279 
Batch 280 
Batch 281 
Batch 282 
Batch 283 
Batch 284 
Batch 285 
Batch 286 
Batch 287 
Batch 288 
Batch 289 
Batch 290 
Batch 291 
Batch 292 
Batch 293 
Batch 294 
Batch 295 
Batch 296 
Batch 297 
Batch 298 
Batch 299 
Batch 300 
Batch 301 
Batch 302 
Batch 303 
Batch 304 
Batch 305 
Batch 306 
Batch 307 
Batch 308 
Batch 309 
Batch 310 
Batch 311 
Batch 312 
Batch 313 
Batch 314 
Batch 315 
Batch 316 
Batch 317 
Batch 318 
Batch 319 
Batch 320 
Batch 321 
Batch 322 
Batch 323 
Batch 324 
Batch 325 
Batch 326 
Batch 327 
Batch 328 
Batch 329 
Batch 330 
Batch 331 
Batch 332 
Batch 333 
Batch 334 
Batch 335 
Batch 336 
Batch 337 
Batch 338 
Batch 339 
Batch 340 
Batch 341 
Batch 342 
Batch 343 
Batch 344 
Batch 345 
Batch 346 
Batch 347 
Batch 348 
Batch 349 
Batch 350 
Batch 351 
Batch 352 
Batch 353 
Batch 354 
Batch 355 
Batch 356 
Batch 357 
Batch 358 
Batch 359 
Batch 360 
Batch 361 
Batch 362 
Batch 363 
Batch 364 
Batch 365 
Batch 366 
Batch 367 
Batch 368 
Batch 369 
Batch 370 
Batch 371 
Batch 372 
Batch 373 
Batch 374 
Batch 375 
Batch 376 
Batch 377 
Batch 378 
Batch 379 
Batch 380 
Batch 381 
Batch 382 
Batch 383 
Batch 384 
Batch 385 
Batch 386 
Batch 387 
Batch 388 
Batch 389 
Batch 390 
Batch 391 
Batch 392 
Batch 393 
Batch 394 
Batch 395 
Batch 396 
Batch 397 
Batch 398 
Batch 399 
Batch 400 
Batch 401 
Batch 402 
Batch 403 
Batch 404 
Batch 405 
Batch 406 
Batch 407 
Batch 408 
Batch 409 
Batch 410 
Batch 411 
Batch 412 
Batch 413 
Batch 414 
Batch 415 
Batch 416 
Batch 417 
Batch 418 
Batch 419 
Batch 420 
Batch 421 
Batch 422 
Batch 423 
Batch 424 
Batch 425 
Batch 426 
Batch 427 
Batch 428 
Batch 429 
Batch 430 
Batch 431 
Batch 432 
Batch 433 
Batch 434 
Batch 435 
Batch 436 
Batch 437 
Batch 438 
Batch 439 
Batch 440 
Batch 441 
Batch 442 
Batch 443 
Batch 444 
Batch 445 
Batch 446 
Batch 447 
Batch 448 
Batch 449 
Batch 450 
Batch 451 
Batch 452 
Batch 453 
Batch 454 
Batch 455 
Batch 456 
Batch 457 
Batch 458 
Batch 459 
Batch 460 
Batch 461 
Batch 462 
Batch 463 
Batch 464 
Batch 465 
Batch 466 
Batch 467 
Batch 468 
Batch 469 
Batch 470 
Batch 471 
Batch 472 
Batch 473 
Batch 474 
Batch 475 
Batch 476 
Batch 477 
Batch 478 
Batch 479 
Batch 480 
Batch 481 
Batch 482 
Batch 483 
Batch 484 
Batch 485 
Batch 486 
Batch 487 
Batch 488 
Batch 489 
Batch 490 
Batch 491 
Batch 492 
Batch 493 
Batch 494 
Batch 495 
Batch 496 
Batch 497 
Batch 498 
Batch 499 
Batch 500 
Batch 501 
Batch 502 
Batch 503 
Batch 504 
Batch 505 
Batch 506 
Batch 507 
Batch 508 
Batch 509 
Batch 510 
Batch 511 
Batch 512 
Batch 513 
Batch 514 
Batch 515 
Batch 516 
Batch 517 
Batch 518 
Batch 519 
Batch 520 
Batch 521 
Batch 522 
Batch 523 
Batch 524 
Batch 525 
Batch 526 
Batch 527 
Batch 528 
Batch 529 
Batch 530 
Batch 531 
Batch 532 
Batch 533 
Batch 534 
Batch 535 
Batch 536 
Batch 537 
Batch 538 
Batch 539 
Batch 540 
Batch 541 
Batch 542 
Batch 543 
Batch 544 
Batch 545 
Batch 546 
Batch 547 
Batch 548 
Batch 549 
Batch 550 
Batch 551 
Batch 552 
Batch 553 
Batch 554 
Batch 555 
Batch 556 
Batch 557 
Batch 558 
Batch 559 
Batch 560 
Batch 561 
Batch 562 
Batch 563 
Batch 564 
Batch 565 
Batch 566 
Batch 567 
Batch 568 
Batch 569 
Batch 570 
Batch 571 
Batch 572 
Batch 573 
Batch 574 
Batch 575 
Batch 576 
Batch 577 
Batch 578 
Batch 579 
Batch 580 
Batch 581 
Batch 582 
Batch 583 
Batch 584 
Batch 585 
Batch 586 
Batch 587 
Batch 588 
Batch 589 
Batch 590 
Batch 591 
Batch 592 
Batch 593 
Batch 594 
Batch 595 
Batch 596 
Batch 597 
Batch 598 
Batch 599 
Batch 600 
Batch 601 
Batch 602 
Batch 603 
Batch 604 
Batch 605 
Batch 606 
Batch 607 
Batch 608 
Batch 609 
Batch 610 
Batch 611 
Batch 612 
Batch 613 
Batch 614 
Batch 615 
Batch 616 
Batch 617 
Batch 618 
Batch 619 
Batch 620 
Batch 621 
Batch 622 
Batch 623 
Batch 624 
Batch 625 
Batch 626 
Batch 627 
Batch 628 
Batch 629 
Batch 630 
Batch 631 
Batch 632 
Batch 633 
Batch 634 
Batch 635 
Batch 636 
Batch 637 
Batch 638 
Batch 639 
Batch 640 
Batch 641 
Batch 642 
Batch 643 
Batch 644 
Batch 645 
Batch 646 
Batch 647 
Batch 648 
Batch 649 
Batch 650 
Batch 651 
Batch 652 
Batch 653 
Batch 654 
Batch 655 
Batch 656 
Batch 657 
Batch 658 
Batch 659 
Batch 660 
Batch 661 
Batch 662 
Batch 663 
Batch 664 
Batch 665 
Batch 666 
Batch 667 
Batch 668 
Batch 669 
Batch 670 
Batch 671 
Batch 672 
Batch 673 
Batch 674 
Batch 675 
Batch 676 
Batch 677 
Batch 678 
Batch 679 
Batch 680 
Batch 681 
Batch 682 
Batch 683 
Batch 684 
Batch 685 
Batch 686 
Batch 687 
Batch 688 
Batch 689 
Batch 690 
Batch 691 
Batch 692 
Batch 693 
Batch 694 
Batch 695 
Batch 696 
Batch 697 
Batch 698 
Batch 699 
Batch 700 
Batch 701 
Batch 702 
Batch 703 
Batch 704 
Batch 705 
Batch 706 
Batch 707 
Batch 708 
Batch 709 
Batch 710 
Batch 711 
Batch 712 
Batch 713 
Batch 714 
Batch 715 
Batch 716 
Batch 717 
Batch 718 
Batch 719 
Batch 720 
Batch 721 
Batch 722 
Batch 723 
Batch 724 
Batch 725 
Batch 726 
Batch 727 
Batch 728 
Batch 729 
Batch 730 
Batch 731 
Batch 732 
Batch 733 
Batch 734 
Batch 735 
Batch 736 
Batch 737 
Batch 738 
Batch 739 
Batch 740 
Batch 741 
Batch 742 
Batch 743 
Batch 744 
Batch 745 
Batch 746 
Batch 747 
Batch 748 
Batch 749 
Batch 750 
Batch 751 
Batch 752 
Batch 753 
Batch 754 
Batch 755 
Batch 756 
Batch 757 
Batch 758 
Batch 759 
Batch 760 
Batch 761 
Batch 762 
Batch 763 
Batch 764 
Batch 765 
Batch 766 
Batch 767 
Batch 768 
Batch 769 
Batch 770 
Batch 771 
Batch 772 
Batch 773 
Batch 774 
Batch 775 
Batch 776 
Batch 777 
Batch 778 
Batch 779 
Batch 780 
Batch 781 
Batch 782 
Batch 783 
Batch 784 
Batch 785 
Batch 786 
Batch 787 
Batch 788 
Batch 789 
Batch 790 
Batch 791 
Batch 792 
Batch 793 
Batch 794 
Batch 795 
Batch 796 
Batch 797 
Batch 798 
Batch 799 
Batch 800 
Batch 801 
Batch 802 
Batch 803 
Batch 804 
Batch 805 
Batch 806 
Batch 807 
Batch 808 
Batch 809 
Batch 810 
Batch 811 
Batch 812 
Batch 813 
Batch 814 
Batch 815 
Batch 816 
Batch 817 
Batch 818 
Batch 819 
Batch 820 
Batch 821 
Batch 822 
Batch 823 
Batch 824 
Batch 825 
Batch 826 
Batch 827 
Batch 828 
Batch 829 
Batch 830 
Batch 831 
Batch 832 
Batch 833 
Batch 834 
Batch 835 
Batch 836 
Batch 837 
Batch 838 
Batch 839 
Batch 840 
Batch 841 
Batch 842 
Batch 843 
Batch 844 
Batch 845 
Batch 846 
Batch 847 
Batch 848 
Batch 849 
Batch 850 
Batch 851 
Batch 852 
Batch 853 
Batch 854 
Batch 855 
Batch 856 
Batch 857 
Batch 858 
Batch 859 
Batch 860 
Batch 861 
Batch 862 
Batch 863 
Batch 864 
Batch 865 
Batch 866 
Batch 867 
Batch 868 
Batch 869 
Batch 870 
Batch 871 
Batch 872 
Batch 873 
Batch 874 
Batch 875 
Batch 876 
Batch 877 
Batch 878 
Batch 879 
Batch 880 
Batch 881 
Batch 882 
Batch 883 
Batch 884 
Batch 885 
Batch 886 
Batch 887 
Batch 888 
Batch 889 
Batch 890 
Batch 891 
Batch 892 
Batch 893 
Batch 894 
Batch 895 
Batch 896 
Batch 897 
Batch 898 
Batch 899 
Batch 900 
Batch 901 
Batch 902 
Batch 903 
Batch 904 
Batch 905 
Batch 906 
Batch 907 
Batch 908 
Batch 909 
Batch 910 
Batch 911 
Batch 912 
Batch 913 
Batch 914 
Batch 915 
Batch 916 
Batch 917 
Batch 918 
Batch 919 
Batch 920 
Batch 921 
Batch 922 
Batch 923 
Batch 924 
Batch 925 
Batch 926 
Batch 927 
Batch 928 
Batch 929 
Batch 930 
Batch 931 
Batch 932 
Batch 933 
Batch 934 
Batch 935 
Batch 936 
Batch 937 
Batch 938 
Batch 939 
Batch 940 

Removed 0 loci that did not pass sample/population constraints from 9391057 loci.
Kept 9391057 loci, composed of 602750380 sites; 0 of those sites were filtered, 3605573 variant sites remained.
Mean genotyped sites per locus: 64.18bp (stderr 0.00).

Population summary statistics (more detail in populations.sumstats_summary.tsv):
  1: 26.829 samples per locus; pi: 0.29713; all/variant/polymorphic sites: 602689331/3605573/3605573; private alleles: 0

Number of variable sites found to be significantly out of Hardy-Weinberg equilibrium (<0.05):
  1: 728580
Number of loci found to be significantly out of Hardy-Weinberg equilibrium (<0.05):
  1: 395151
(more detail in populations.sumstats.tsv and populations.hapstats.tsv)

Population pair divergence statistics (more in populations.fst_summary.tsv and populations.phistats_summary.tsv):

Populations is done.
